<?xml version="1.0" encoding="UTF-8"?>
<testsuite xmlns:xsi="http://www.w3.org/2001/XMLSchema-instance" xsi:noNamespaceSchemaLocation="https://maven.apache.org/surefire/maven-surefire-plugin/xsd/surefire-test-report.xsd" version="3.0.2" name="com.suprimi4.boot.BootApplicationTests" time="4.013" tests="1" errors="0" skipped="0" failures="0">
  <properties>
[...]
</properties>
  <testcase name="contextLoads" classname="com.suprimi4.boot.BootApplicationTests" time="0.345">
    <system-out><![CDATA[01:49:41.836 [main] INFO org.springframework.test.context.support.AnnotationConfigContextLoaderUtils -- Could not detect default configuration classes for test class [com.suprimi4.boot.BootApplicationTests]: BootApplicationTests does not declare any static, non-private, non-final, nested classes annotated with @Configuration.
01:49:41.905 [main] INFO org.springframework.boot.test.context.SpringBootTestContextBootstrapper -- Found @SpringBootConfiguration com.suprimi4.boot.BootApplication for test class com.suprimi4.boot.BootApplicationTests

  .   ____          _            __ _ _
 /\\ / ___'_ __ _ _(_)_ __  __ _ \ \ \ \
( ( )\___ | '_ | '_| | '_ \/ _` | \ \ \ \
 \\/  ___)| |_)| | | | | || (_| |  ) ) ) )
  '  |____| .__|_| |_|_| |_\__, | / / / /
 =========|_|==============|___/=/_/_/_/

 :: Spring Boot ::             (v3.5.0-M2)

2025-03-05T01:49:42.223+03:00  INFO 18262 --- [boot] [           main] com.suprimi4.boot.BootApplicationTests   : Starting BootApplicationTests using Java 17.0.13 with PID 18262 (started by suprimi4 in /home/suprimi4/Desktop/Projects/boot)
2025-03-05T01:49:42.224+03:00  INFO 18262 --- [boot] [           main] com.suprimi4.boot.BootApplicationTests   : No active profile set, falling back to 1 default profile: "default"
2025-03-05T01:49:42.652+03:00  INFO 18262 --- [boot] [           main] .s.d.r.c.RepositoryConfigurationDelegate : Bootstrapping Spring Data JPA repositories in DEFAULT mode.
2025-03-05T01:49:42.693+03:00  INFO 18262 --- [boot] [           main] .s.d.r.c.RepositoryConfigurationDelegate : Finished Spring Data repository scanning in 34 ms. Found 2 JPA repository interfaces.
2025-03-05T01:49:43.038+03:00  INFO 18262 --- [boot] [           main] o.hibernate.jpa.internal.util.LogHelper  : HHH000204: Processing PersistenceUnitInfo [name: default]
2025-03-05T01:49:43.072+03:00  INFO 18262 --- [boot] [           main] org.hibernate.Version                    : HHH000412: Hibernate ORM core version 6.6.8.Final
2025-03-05T01:49:43.094+03:00  INFO 18262 --- [boot] [           main] o.h.c.internal.RegionFactoryInitiator    : HHH000026: Second-level cache disabled
2025-03-05T01:49:43.287+03:00  INFO 18262 --- [boot] [           main] o.s.o.j.p.SpringPersistenceUnitInfo      : No LoadTimeWeaver setup: ignoring JPA class transformer
2025-03-05T01:49:43.309+03:00  INFO 18262 --- [boot] [           main] com.zaxxer.hikari.HikariDataSource       : HikariPool-1 - Starting...
2025-03-05T01:49:43.534+03:00  INFO 18262 --- [boot] [           main] com.zaxxer.hikari.pool.HikariPool        : HikariPool-1 - Added connection org.postgresql.jdbc.PgConnection@3c9e19de
2025-03-05T01:49:43.535+03:00  INFO 18262 --- [boot] [           main] com.zaxxer.hikari.HikariDataSource       : HikariPool-1 - Start completed.
2025-03-05T01:49:43.582+03:00  INFO 18262 --- [boot] [           main] org.hibernate.orm.connections.pooling    : HHH10001005: Database info:
	Database JDBC URL [Connecting through datasource 'HikariDataSource (HikariPool-1)']
	Database driver: undefined/unknown
	Database version: 16.8
	Autocommit mode: undefined/unknown
	Isolation level: undefined/unknown
	Minimum pool size: undefined/unknown
	Maximum pool size: undefined/unknown
2025-03-05T01:49:44.130+03:00  INFO 18262 --- [boot] [           main] o.h.e.t.j.p.i.JtaPlatformInitiator       : HHH000489: No JTA platform available (set 'hibernate.transaction.jta.platform' to enable JTA platform integration)
2025-03-05T01:49:44.167+03:00  INFO 18262 --- [boot] [           main] j.LocalContainerEntityManagerFactoryBean : Initialized JPA EntityManagerFactory for persistence unit 'default'
2025-03-05T01:49:44.329+03:00  INFO 18262 --- [boot] [           main] o.s.d.j.r.query.QueryEnhancerFactory     : Hibernate is in classpath; If applicable, HQL parser will be used.
2025-03-05T01:49:45.143+03:00  WARN 18262 --- [boot] [           main] JpaBaseConfiguration$JpaWebConfiguration : spring.jpa.open-in-view is enabled by default. Therefore, database queries may be performed during view rendering. Explicitly configure spring.jpa.open-in-view to disable this warning
2025-03-05T01:49:45.387+03:00  INFO 18262 --- [boot] [           main] com.suprimi4.boot.BootApplicationTests   : Started BootApplicationTests in 3.384 seconds (process running for 4.022)
]]></system-out>
  </testcase>
</testsuite>